[ OLD M1 2020 MAC AIR ]

Mon Dec 15 10:28:46 CET 2025: Initialized minimum battery tracker at 100%
Mon Dec 15 10:28:46 CET 2025: Battery monitor daemon started
Mon Dec 15 10:30:46 CET 2025: New minimum reached: 99% (previous: 100%)
Mon Dec 15 10:32:47 CET 2025: New minimum reached: 98% (previous: 99%)
Mon Dec 15 10:35:47 CET 2025: New minimum reached: 97% (previous: 98%)
Mon Dec 15 10:44:12 CET 2025: New minimum reached: 96% (previous: 97%)
Mon Dec 15 11:01:50 CET 2025: New minimum reached: 95% (previous: 96%)
Mon Dec 15 11:10:46 CET 2025: New minimum reached: 94% (previous: 95%)
Mon Dec 15 11:22:03 CET 2025: New minimum reached: 93% (previous: 94%)
Mon Dec 15 11:30:02 CET 2025: New minimum reached: 92% (previous: 93%)
Mon Dec 15 11:33:02 CET 2025: New minimum reached: 91% (previous: 92%)
Mon Dec 15 11:37:02 CET 2025: New minimum reached: 90% (previous: 91%)
Mon Dec 15 11:39:03 CET 2025: New minimum reached: 89% (previous: 90%)
Mon Dec 15 11:43:03 CET 2025: New minimum reached: 88% (previous: 89%)
Mon Dec 15 11:44:23 CET 2025: Battery monitor daemon started
Mon Dec 15 11:45:23 CET 2025: New minimum reached: 87%
Mon Dec 15 11:48:24 CET 2025: New minimum reached: 86%
Mon Dec 15 11:51:38 CET 2025: New minimum reached: 85%
Mon Dec 15 11:54:38 CET 2025: New minimum reached: 84%
Mon Dec 15 11:56:39 CET 2025: New minimum reached: 83%
Mon Dec 15 11:59:39 CET 2025: New minimum reached: 81%
Mon Dec 15 12:00:39 CET 2025: New minimum reached: 79%
Mon Dec 15 12:04:40 CET 2025: New minimum reached: 78%
Mon Dec 15 12:05:40 CET 2025: New minimum reached: 77%
Mon Dec 15 12:07:39 CET 2025: Battery monitor daemon started
Mon Dec 15 12:08:39 CET 2025: New minimum reached: 74%
Mon Dec 15 14:26:26 CET 2025: Battery monitor daemon started
Mon Dec 15 16:44:42 CET 2025: Battery monitor daemon started
Mon Dec 15 17:30:46 CET 2025: New minimum reached: 71%
Mon Dec 15 17:32:46 CET 2025: New minimum reached: 70%
Mon Dec 15 17:34:46 CET 2025: New minimum reached: 69%
Mon Dec 15 17:36:46 CET 2025: New minimum reached: 68%
Mon Dec 15 17:37:47 CET 2025: New minimum reached: 67%
Mon Dec 15 17:39:47 CET 2025: New minimum reached: 65%
Mon Dec 15 17:44:47 CET 2025: New minimum reached: 64%
Mon Dec 15 17:45:47 CET 2025: New minimum reached: 62%
Mon Dec 15 17:48:48 CET 2025: New minimum reached: 61%
Mon Dec 15 17:50:48 CET 2025: New minimum reached: 60%
Mon Dec 15 17:51:48 CET 2025: New minimum reached: 58%
Mon Dec 15 17:55:48 CET 2025: New minimum reached: 57%
Mon Dec 15 17:57:48 CET 2025: New minimum reached: 55%
Mon Dec 15 17:59:49 CET 2025: New minimum reached: 54%
Mon Dec 15 18:07:49 CET 2025: New minimum reached: 53%
Mon Dec 15 20:09:54 CET 2025: Battery monitor daemon started
Mon Dec 15 20:14:13 CET 2025: Battery monitor daemon started
Tue Dec 16 22:06:23 CET 2025: New minimum reached: 52%
Tue Dec 16 22:08:23 CET 2025: New minimum reached: 51%
Tue Dec 16 22:11:24 CET 2025: New minimum reached: 50%
Tue Dec 16 22:12:24 CET 2025: New minimum reached: 49%
Tue Dec 16 22:13:24 CET 2025: New minimum reached: 48%
Tue Dec 16 22:18:24 CET 2025: New minimum reached: 47%
Tue Dec 16 22:20:24 CET 2025: New minimum reached: 46% [ COMPUTER TURNED OFF ]
Tue Dec 16 22:21:38 CET 2025: New minimum reached: 12% [ ? REAL VALUE ? ]
Tue Dec 16 22:22:38 CET 2025: New minimum reached: 15% [ RELOADED WITH THIS VALUE ]

[ NEW M4 2024 MAC AIR ]

Mon Dec 15 10:28:46 CET 2025: Initialized minimum battery tracker at 100%
Wed Dec 24 14:01:21 CET 2025: Battery monitor daemon started
Wed Dec 24 14:01:21 CET 2025: New minimum reached: 85%
Wed Dec 24 14:05:44 CET 2025: New minimum reached: 84%
Wed Dec 24 14:08:53 CET 2025: Battery monitor daemon started
Wed Dec 24 14:11:08 CET 2025: New minimum reached: 83%
Wed Dec 24 14:16:24 CET 2025: New minimum reached: 82%
Wed Dec 24 14:21:40 CET 2025: New minimum reached: 81%
Wed Dec 24 14:46:34 CET 2025: Battery monitor daemon started [ CREATED GIT REPO ]
Wed Dec 24 15:22:24 CET 2025: Battery monitor daemon started
Wed Dec 24 15:53:13 CET 2025: New minimum reached: 80%
To https://github.com/Kasperissim0/Battery.git
   528e752..e042c68  main -> main
Wed Dec 24 15:58:26 CET 2025: Battery monitor daemon started
Wed Dec 24 16:00:00 CET 2025: New minimum reached: 79%
To https://github.com/Kasperissim0/Battery.git
   836d7f9..c9bc4ea  main -> main
Wed Dec 24 16:06:48 CET 2025: New minimum reached: 78%
To https://github.com/Kasperissim0/Battery.git
   c9bc4ea..4163471  main -> main
Wed Dec 24 16:10:08 CET 2025: Battery monitor daemon started
Wed Dec 24 16:18:17 CET 2025: Battery monitor daemon started
Wed Dec 24 16:18:17 CET 2025: New minimum reached: 77%
Wed Dec 24 16:18:17 CET 2025: Syncing Changes With GitHub
To https://github.com/Kasperissim0/Battery.git
   4163471..de5b89e  main -> main
Wed Dec 24 16:19:49 CET 2025: New minimum reached: 76%
Wed Dec 24 16:19:49 CET 2025: Syncing Changes With GitHub
To https://github.com/Kasperissim0/Battery.git
   de5b89e..e0ef151  main -> main
Wed Dec 24 17:17:16 CET 2025: New minimum reached: 75%
Wed Dec 24 17:17:16 CET 2025: Syncing Changes With GitHub
To https://github.com/Kasperissim0/Battery.git
   e0ef151..125186c  main -> main
Wed Dec 24 17:47:49 CET 2025: New minimum reached: 74%
Wed Dec 24 17:47:49 CET 2025: Syncing Changes With GitHub
To https://github.com/Kasperissim0/Battery.git
 ! [rejected]        main -> main (non-fast-forward)
error: failed to push some refs to 'https://github.com/Kasperissim0/Battery.git'
hint: Updates were rejected because the tip of your current branch is behind
hint: its remote counterpart. If you want to integrate the remote changes,
hint: use 'git pull' before pushing again.
hint: See the 'Note about fast-forwards' in 'git push --help' for details.
Wed Dec 24 17:47:49 CET 2025: ERROR - Git push failed
Wed Dec 24 17:53:05 CET 2025: New minimum reached: 73%
Wed Dec 24 17:53:05 CET 2025: Syncing Changes With GitHub
Wed Dec 24 17:59:07 CET 2025: New minimum reached: 72%
Wed Dec 24 17:59:07 CET 2025: Syncing Changes With GitHub
Wed Dec 24 18:03:39 CET 2025: New minimum reached: 71%
Wed Dec 24 18:03:39 CET 2025: Syncing Changes With GitHub
Wed Dec 24 18:08:10 CET 2025: New minimum reached: 71%
Wed Dec 24 18:08:10 CET 2025: Syncing Changes With GitHub
To https://github.com/Kasperissim0/Battery.git
 ! [rejected]        main -> main (non-fast-forward)
error: failed to push some refs to 'https://github.com/Kasperissim0/Battery.git'
hint: Updates were rejected because the tip of your current branch is behind
hint: its remote counterpart. If you want to integrate the remote changes,
hint: use 'git pull' before pushing again.
hint: See the 'Note about fast-forwards' in 'git push --help' for details.
Wed Dec 24 18:08:11 CET 2025: ERROR - Git push failed
Wed Dec 24 18:08:56 CET 2025: New minimum reached: 70%
Wed Dec 24 18:08:56 CET 2025: Syncing Changes With GitHub
Wed Dec 24 18:14:14 CET 2025: New minimum reached: 69%
Wed Dec 24 18:14:14 CET 2025: Syncing Changes With GitHub
To https://github.com/Kasperissim0/Battery.git
 ! [rejected]        main -> main (non-fast-forward)
error: failed to push some refs to 'https://github.com/Kasperissim0/Battery.git'
hint: Updates were rejected because the tip of your current branch is behind
hint: its remote counterpart. If you want to integrate the remote changes,
hint: use 'git pull' before pushing again.
hint: See the 'Note about fast-forwards' in 'git push --help' for details.
Wed Dec 24 18:14:15 CET 2025: ERROR - Git push failed
Wed Dec 24 18:18:45 CET 2025: New minimum reached: 68%
Wed Dec 24 18:18:45 CET 2025: Syncing Changes With GitHub
Wed Dec 24 18:24:02 CET 2025: New minimum reached: 67%
Wed Dec 24 18:24:02 CET 2025: Syncing Changes With GitHub
To https://github.com/Kasperissim0/Battery.git
   23eb3a6..561ccbe  main -> main
Wed Dec 24 18:29:21 CET 2025: New minimum reached: 66%
Wed Dec 24 18:29:21 CET 2025: Syncing Changes With GitHub
Wed Dec 24 18:34:38 CET 2025: New minimum reached: 65%
Wed Dec 24 18:34:38 CET 2025: Syncing Changes With GitHub
To https://github.com/Kasperissim0/Battery.git
   eb19ecf..b3549e1  main -> main
Wed Dec 24 18:39:09 CET 2025: New minimum reached: 64%
Wed Dec 24 18:39:09 CET 2025: Syncing Changes With GitHub
To https://github.com/Kasperissim0/Battery.git
   b3549e1..babce74  main -> main
Wed Dec 24 18:45:11 CET 2025: New minimum reached: 63%
Wed Dec 24 18:45:11 CET 2025: Syncing Changes With GitHub
To https://github.com/Kasperissim0/Battery.git
   babce74..820396e  main -> main
Wed Dec 24 18:50:28 CET 2025: New minimum reached: 62%
Wed Dec 24 18:50:28 CET 2025: Syncing Changes With GitHub
To https://github.com/Kasperissim0/Battery.git
   4f2dd51..257fa40  main -> main
Wed Dec 24 18:55:00 CET 2025: New minimum reached: 61%
Wed Dec 24 18:55:00 CET 2025: Syncing Changes With GitHub
To https://github.com/Kasperissim0/Battery.git
 ! [rejected]        main -> main (non-fast-forward)
error: failed to push some refs to 'https://github.com/Kasperissim0/Battery.git'
hint: Updates were rejected because the tip of your current branch is behind
hint: its remote counterpart. If you want to integrate the remote changes,
hint: use 'git pull' before pushing again.
hint: See the 'Note about fast-forwards' in 'git push --help' for details.
Wed Dec 24 18:55:00 CET 2025: ERROR - Git push failed
Wed Dec 24 19:01:47 CET 2025: New minimum reached: 60%
Wed Dec 24 19:01:47 CET 2025: Syncing Changes With GitHub
To https://github.com/Kasperissim0/Battery.git
 ! [rejected]        main -> main (non-fast-forward)
error: failed to push some refs to 'https://github.com/Kasperissim0/Battery.git'
hint: Updates were rejected because the tip of your current branch is behind
hint: its remote counterpart. If you want to integrate the remote changes,
hint: use 'git pull' before pushing again.
hint: See the 'Note about fast-forwards' in 'git push --help' for details.
Wed Dec 24 19:01:48 CET 2025: ERROR - Git push failed
Thu Dec 25 21:16:01 CET 2025: Battery monitor daemon started
Thu Dec 25 23:15:14 CET 2025: New minimum reached: 59%
Thu Dec 25 23:15:14 CET 2025: Syncing Changes With GitHub
To https://github.com/Kasperissim0/Battery.git
   25047dc..2dda433  main -> main
Thu Dec 25 23:20:31 CET 2025: New minimum reached: 58%
Thu Dec 25 23:20:31 CET 2025: Syncing Changes With GitHub
To https://github.com/Kasperissim0/Battery.git
   2dda433..5c21ea4  main -> main
Thu Dec 25 23:25:48 CET 2025: New minimum reached: 57%
Thu Dec 25 23:25:48 CET 2025: Syncing Changes With GitHub
To https://github.com/Kasperissim0/Battery.git
   5c21ea4..e198a6e  main -> main
Thu Dec 25 23:29:34 CET 2025: New minimum reached: 56%
Thu Dec 25 23:29:34 CET 2025: Syncing Changes With GitHub
To https://github.com/Kasperissim0/Battery.git
   e198a6e..d3c88df  main -> main
Thu Dec 25 23:35:36 CET 2025: New minimum reached: 55%
Thu Dec 25 23:35:36 CET 2025: Syncing Changes With GitHub
To https://github.com/Kasperissim0/Battery.git
   d3c88df..9bea0b1  main -> main
Thu Dec 25 23:41:38 CET 2025: New minimum reached: 54%
Thu Dec 25 23:41:38 CET 2025: Syncing Changes With GitHub
To https://github.com/Kasperissim0/Battery.git
   9bea0b1..72cb43e  main -> main
Thu Dec 25 23:48:25 CET 2025: New minimum reached: 53%
Thu Dec 25 23:48:25 CET 2025: Syncing Changes With GitHub
To https://github.com/Kasperissim0/Battery.git
   72cb43e..10343db  main -> main
Thu Dec 25 23:53:42 CET 2025: New minimum reached: 52%
Thu Dec 25 23:53:42 CET 2025: Syncing Changes With GitHub
To https://github.com/Kasperissim0/Battery.git
   10343db..e5c9af8  main -> main
Thu Dec 25 23:59:02 CET 2025: Battery monitor daemon started
Thu Dec 25 23:59:05 CET 2025: New minimum reached: 51%
Thu Dec 25 23:59:05 CET 2025: Syncing Changes With GitHub
To https://github.com/Kasperissim0/Battery.git
   e5c9af8..23ddc76  main -> main
Fri Dec 26 00:00:39 CET 2025: New minimum reached: 50%
Fri Dec 26 00:00:39 CET 2025: Syncing Changes With GitHub
To https://github.com/Kasperissim0/Battery.git
   23ddc76..79c67d6  main -> main
Fri Dec 26 00:07:27 CET 2025: New minimum reached: 49%
Fri Dec 26 00:07:27 CET 2025: Syncing Changes With GitHub
To https://github.com/Kasperissim0/Battery.git
   79c67d6..7baca99  main -> main
Fri Dec 26 00:12:43 CET 2025: New minimum reached: 48%
Fri Dec 26 00:12:43 CET 2025: Syncing Changes With GitHub
To https://github.com/Kasperissim0/Battery.git
   7baca99..796736e  main -> main
Fri Dec 26 00:18:00 CET 2025: New minimum reached: 47%
Fri Dec 26 00:18:00 CET 2025: Syncing Changes With GitHub
To https://github.com/Kasperissim0/Battery.git
   796736e..e65a80f  main -> main
Fri Dec 26 00:23:17 CET 2025: New minimum reached: 46%
Fri Dec 26 00:23:17 CET 2025: Syncing Changes With GitHub
To https://github.com/Kasperissim0/Battery.git
   e65a80f..47d3851  main -> main
Fri Dec 26 00:28:34 CET 2025: New minimum reached: 45%
Fri Dec 26 00:28:34 CET 2025: Syncing Changes With GitHub
To https://github.com/Kasperissim0/Battery.git
   47d3851..a128385  main -> main
Fri Dec 26 00:35:21 CET 2025: New minimum reached: 44%
Fri Dec 26 00:35:21 CET 2025: Syncing Changes With GitHub
To https://github.com/Kasperissim0/Battery.git
   a128385..063f897  main -> main
Fri Dec 26 00:42:21 CET 2025: Battery monitor daemon started
Fri Dec 26 00:42:27 CET 2025: New minimum reached: 43%
Fri Dec 26 00:42:27 CET 2025: Syncing Changes With GitHub
To https://github.com/Kasperissim0/Battery.git
   063f897..992fce1  main -> main
Fri Dec 26 00:43:29 CET 2025: New minimum reached: 42%
Fri Dec 26 00:43:29 CET 2025: Syncing Changes With GitHub
To https://github.com/Kasperissim0/Battery.git
   992fce1..89a79c9  main -> main
Fri Dec 26 00:45:46 CET 2025: New minimum reached: 41%
Fri Dec 26 00:45:46 CET 2025: Syncing Changes With GitHub
To https://github.com/Kasperissim0/Battery.git
   89a79c9..07b03b9  main -> main
Fri Dec 26 00:49:33 CET 2025: New minimum reached: 40%
Fri Dec 26 00:49:33 CET 2025: Syncing Changes With GitHub
To https://github.com/Kasperissim0/Battery.git
   07b03b9..acdf719  main -> main
Fri Dec 26 00:52:35 CET 2025: New minimum reached: 39%
Fri Dec 26 00:52:35 CET 2025: Syncing Changes With GitHub
To https://github.com/Kasperissim0/Battery.git
   acdf719..bba7c0f  main -> main
Fri Dec 26 00:58:36 CET 2025: New minimum reached: 38%
Fri Dec 26 00:58:37 CET 2025: Syncing Changes With GitHub
