[main e042c68] New Low Achieved: 80%
 4 files changed, 2 insertions(+), 1 deletion(-)
 rename Extra/{Scripts & Specs => Script & Spec}/battery_monitor.sh (100%)
 rename Extra/{Scripts & Specs => Script & Spec}/com.user.batterymonitor.plist (100%)
[main c9bc4ea] New Low Achieved: 79%
 2 files changed, 3 insertions(+), 1 deletion(-)
[main 4163471] New Low Achieved: 78%
 4 files changed, 7 insertions(+), 1 deletion(-)
[main de5b89e] New Low Achieved: 77%
 6 files changed, 78 insertions(+), 7 deletions(-)
[main e0ef151] New Low Achieved: 76%
 3 files changed, 7 insertions(+), 1 deletion(-)
[main 125186c] New Low Achieved: 75%
 3 files changed, 7 insertions(+), 1 deletion(-)
[main f6cdc56] New Low Achieved: 74%
 4 files changed, 10 insertions(+), 4 deletions(-)
[main 2dda433] New Low Achieved: 59%
 3 files changed, 4 insertions(+), 1 deletion(-)
 create mode 100644 min_b
[main 5c21ea4] New Low Achieved: 58%
 3 files changed, 8 insertions(+), 1 deletion(-)
[main e198a6e] New Low Achieved: 57%
 3 files changed, 7 insertions(+), 1 deletion(-)
[main d3c88df] New Low Achieved: 56%
 3 files changed, 7 insertions(+), 1 deletion(-)
[main 9bea0b1] New Low Achieved: 55%
 3 files changed, 7 insertions(+), 1 deletion(-)
[main 72cb43e] New Low Achieved: 54%
 3 files changed, 7 insertions(+), 1 deletion(-)
[main 10343db] New Low Achieved: 53%
 3 files changed, 7 insertions(+), 1 deletion(-)
[main e5c9af8] New Low Achieved: 52%
 3 files changed, 7 insertions(+), 1 deletion(-)
[main 23ddc76] New Low Achieved: 51%
 3 files changed, 8 insertions(+), 1 deletion(-)
[main 79c67d6] New Low Achieved: 50%
 3 files changed, 7 insertions(+), 1 deletion(-)
[main 7baca99] New Low Achieved: 49%
 3 files changed, 7 insertions(+), 1 deletion(-)
[main 796736e] New Low Achieved: 48%
 3 files changed, 7 insertions(+), 1 deletion(-)
[main e65a80f] New Low Achieved: 47%
 3 files changed, 7 insertions(+), 1 deletion(-)
[main 47d3851] New Low Achieved: 46%
 3 files changed, 7 insertions(+), 1 deletion(-)
[main a128385] New Low Achieved: 45%
 3 files changed, 7 insertions(+), 1 deletion(-)
[main 063f897] New Low Achieved: 44%
 3 files changed, 7 insertions(+), 1 deletion(-)
